[backblue.gif]
[fade.gif]
[index.html]
[cambridgemun.org/CAMUN 13 web archive/BACKGROUND13.jpg]
[cambridgemun.org/CAMUN 13 web archive/NEW-banner.jpg]
[cambridgemun.org/CAMUN 13 web archive/What is MUN.pdf]
[cambridgemun.org/CAMUN 13 web archive/THIMUN mun guide.pdf]
[cambridgemun.org/CAMUN 13 web archive/CAMUN newsletter v2.1- Day1.pdf]
[cambridgemun.org/CAMUN 13 web archive/CAM-2-Scan_Doc0001.pdf]
[cambridgemun.org/CAMUN 13 web archive/CAM-3-Scan_Doc0001.pdf]
[cambridgemun.org/CAMUN 13 web archive/signmain.png]
[cambridgemun.org/CAMUN 13 web archive/SG.jpg]
[www.usflashmap.com/component/cdt_new/cdt2_4.swf]
[cambridgemun.org/CAMUN 13 web archive/facebook.png]
[cambridgemun.org/CAMUN 13 web archive/twitter.png]
[cambridgemun.org/CAMUN 13 web archive/youtube.png]
[cambridgemun.org/CAMUN 13 web archive/HOME13.html]
[cambridgemun.org/CAMUN 13 web archive/SpryAssets/SpryMenuBar.js]
[cambridgemun.org/CAMUN 13 web archive/for the bar.jpg]
[cambridgemun.org/CAMUN 13 web archive/SpryAssets/SpryMenuBarRightHover.gif]
[cambridgemun.org/CAMUN 13 web archive/SpryAssets/SpryMenuBarVertical.css]
[cambridgemun.org/CAMUN 13 web archive/HOME.html]
[cambridgemun.org/CAMUN 13 web archive/ABOUTUS13.html]
[cambridgemun.org/CAMUN 13 web archive/ORIGIN13.html]
[cambridgemun.org/CAMUN 13 web archive/Family.jpg]
[cambridgemun.org/CAMUN 13 web archive/DSC_5829.jpg]
[cambridgemun.org/CAMUN 13 web archive/426274_392789227414286_100000496354287_1527389_1857100293_n.jpg]
[cambridgemun.org/CAMUN 13 web archive/Secretariat13.html]
[cambridgemun.org/CAMUN 13 web archive/Alumni.html]
[cambridgemun.org/CAMUN 13 web archive/Conference13.html]
[cambridgemun.org/CAMUN 13 web archive/Theme13.html]
[cambridgemun.org/CAMUN 13 web archive/CAMUN13-SCguide.pdf]
[cambridgemun.org/CAMUN 13 web archive/Under-construction-logo.gif]
[cambridgemun.org/CAMUN 13 web archive/SOCHUM_Study_Guide.pdf]
[cambridgemun.org/CAMUN 13 web archive/Committees13.html]
[cambridgemun.org/CAMUN 13 web archive/tentative Schedule.docx]
[cambridgemun.org/CAMUN 13 web archive/schedule13.html]
[photos.gstatic.com/media/slideshow.swf]
[cambridgemun.org/CAMUN 13 web archive/Gallery13.html]
[cambridgemun.org/CAMUN 13 web archive/contact13.html]
[cambridgemun.org/Desktop/camun'13/for the bar.html]
[cambridgemun.org/CAMUN 13 web archive/ABOUTUS.html]
[cambridgemun.org/CAMUN 13 web archive/ORIGIN.html]
[cambridgemun.org/CAMUN 13 web archive/Secretariat.html]
[cambridgemun.org/CAMUN 13 web archive/Conference.html]
[cambridgemun.org/CAMUN 13 web archive/Theme.html]
[cambridgemun.org/CAMUN 13 web archive/Committees.html]
[cambridgemun.org/CAMUN 13 web archive/schedule.html]
[cambridgemun.org/CAMUN 13 web archive/Gallery.html]
[cambridgemun.org/CAMUN 13 web archive/contact.html]
[cambridgemun.org/CAMUN 13 web archive/aDVISORYBOARD.html]
[cambridgemun.org/CAMUN 13 web archive/IT DEPARTMENT.html]
[cambridgemun.org/CAMUN 13 web archive/BOARDOFDIRECTORSS.html]
[cambridgemun.org/CAMUN 13 web archive/SpryAssets/SpryTabbedPanels.js]
[cambridgemun.org/CAMUN 13 web archive/SpryAssets/SpryTabbedPanels.css]
[cambridgemun.org/CAMUN 13 web archive/SpryAssets/SpryCollapsiblePanel.js]
[cambridgemun.org/CAMUN 13 web archive/SpryAssets/SpryCollapsiblePanel.css]
